[18:10:11.419 Verbose] - BuildManager - C:\GitHubRepo\C# Advanced\OOP\EXAMS\OOP Retake Exam - 19 Dec 2019\03.Unit testing\Presents.Tests\PresentsTests.cs(16,31): error CS0246: The type or namespace name 'Present' could not be found (are you missing a using directive or an assembly reference?)
[18:10:11.419 Verbose] - BuildManager - C:\GitHubRepo\C# Advanced\OOP\EXAMS\OOP Retake Exam - 19 Dec 2019\03.Unit testing\Presents.Tests\PresentsTests.cs(32,27): error CS0246: The type or namespace name 'Bag' could not be found (are you missing a using directive or an assembly reference?)
[18:10:11.419 Verbose] - BuildManager - C:\GitHubRepo\C# Advanced\OOP\EXAMS\OOP Retake Exam - 19 Dec 2019\03.Unit testing\Presents.Tests\PresentsTests.cs(42,13): error CS0246: The type or namespace name 'Present' could not be found (are you missing a using directive or an assembly reference?)
[18:10:11.419 Verbose] - BuildManager - C:\GitHubRepo\C# Advanced\OOP\EXAMS\OOP Retake Exam - 19 Dec 2019\03.Unit testing\Presents.Tests\PresentsTests.cs(43,27): error CS0246: The type or namespace name 'Bag' could not be found (are you missing a using directive or an assembly reference?)
[18:10:11.419 Verbose] - BuildManager - C:\GitHubRepo\C# Advanced\OOP\EXAMS\OOP Retake Exam - 19 Dec 2019\03.Unit testing\Presents.Tests\PresentsTests.cs(54,13): error CS0246: The type or namespace name 'Present' could not be found (are you missing a using directive or an assembly reference?)
[18:10:11.419 Verbose] - BuildManager - C:\GitHubRepo\C# Advanced\OOP\EXAMS\OOP Retake Exam - 19 Dec 2019\03.Unit testing\Presents.Tests\PresentsTests.cs(54,35): error CS0246: The type or namespace name 'Present' could not be found (are you missing a using directive or an assembly reference?)
[18:10:11.419 Verbose] - BuildManager - C:\GitHubRepo\C# Advanced\OOP\EXAMS\OOP Retake Exam - 19 Dec 2019\03.Unit testing\Presents.Tests\PresentsTests.cs(55,27): error CS0246: The type or namespace name 'Bag' could not be found (are you missing a using directive or an assembly reference?)
[18:10:11.419 Verbose] - BuildManager - C:\GitHubRepo\C# Advanced\OOP\EXAMS\OOP Retake Exam - 19 Dec 2019\03.Unit testing\Presents.Tests\PresentsTests.cs(67,13): error CS0246: The type or namespace name 'Present' could not be found (are you missing a using directive or an assembly reference?)
[18:10:11.419 Verbose] - BuildManager - C:\GitHubRepo\C# Advanced\OOP\EXAMS\OOP Retake Exam - 19 Dec 2019\03.Unit testing\Presents.Tests\PresentsTests.cs(67,35): error CS0246: The type or namespace name 'Present' could not be found (are you missing a using directive or an assembly reference?)
[18:10:11.419 Verbose] - BuildManager - C:\GitHubRepo\C# Advanced\OOP\EXAMS\OOP Retake Exam - 19 Dec 2019\03.Unit testing\Presents.Tests\PresentsTests.cs(68,27): error CS0246: The type or namespace name 'Bag' could not be found (are you missing a using directive or an assembly reference?)
[18:10:11.419 Verbose] - BuildManager - C:\GitHubRepo\C# Advanced\OOP\EXAMS\OOP Retake Exam - 19 Dec 2019\03.Unit testing\Presents.Tests\PresentsTests.cs(78,13): error CS0246: The type or namespace name 'Present' could not be found (are you missing a using directive or an assembly reference?)
[18:10:11.419 Verbose] - BuildManager - C:\GitHubRepo\C# Advanced\OOP\EXAMS\OOP Retake Exam - 19 Dec 2019\03.Unit testing\Presents.Tests\PresentsTests.cs(78,35): error CS0246: The type or namespace name 'Present' could not be found (are you missing a using directive or an assembly reference?)
[18:10:11.419 Verbose] - BuildManager - C:\GitHubRepo\C# Advanced\OOP\EXAMS\OOP Retake Exam - 19 Dec 2019\03.Unit testing\Presents.Tests\PresentsTests.cs(79,27): error CS0246: The type or namespace name 'Bag' could not be found (are you missing a using directive or an assembly reference?)
[18:10:11.419 Verbose] - BuildManager - C:\GitHubRepo\C# Advanced\OOP\EXAMS\OOP Retake Exam - 19 Dec 2019\03.Unit testing\Presents.Tests\PresentsTests.cs(88,13): error CS0246: The type or namespace name 'Present' could not be found (are you missing a using directive or an assembly reference?)
[18:10:11.419 Verbose] - BuildManager - C:\GitHubRepo\C# Advanced\OOP\EXAMS\OOP Retake Exam - 19 Dec 2019\03.Unit testing\Presents.Tests\PresentsTests.cs(88,38): error CS0246: The type or namespace name 'Present' could not be found (are you missing a using directive or an assembly reference?)
[18:10:11.419 Verbose] - BuildManager - C:\GitHubRepo\C# Advanced\OOP\EXAMS\OOP Retake Exam - 19 Dec 2019\03.Unit testing\Presents.Tests\PresentsTests.cs(89,13): error CS0246: The type or namespace name 'Present' could not be found (are you missing a using directive or an assembly reference?)
[18:10:11.419 Verbose] - BuildManager - C:\GitHubRepo\C# Advanced\OOP\EXAMS\OOP Retake Exam - 19 Dec 2019\03.Unit testing\Presents.Tests\PresentsTests.cs(89,38): error CS0246: The type or namespace name 'Present' could not be found (are you missing a using directive or an assembly reference?)
[18:10:11.419 Verbose] - BuildManager - C:\GitHubRepo\C# Advanced\OOP\EXAMS\OOP Retake Exam - 19 Dec 2019\03.Unit testing\Presents.Tests\PresentsTests.cs(90,27): error CS0246: The type or namespace name 'Bag' could not be found (are you missing a using directive or an assembly reference?)
[18:10:11.419 Verbose] - BuildManager - C:\GitHubRepo\C# Advanced\OOP\EXAMS\OOP Retake Exam - 19 Dec 2019\03.Unit testing\Presents.Tests\PresentsTests.cs(102,13): error CS0246: The type or namespace name 'Present' could not be found (are you missing a using directive or an assembly reference?)
[18:10:11.419 Verbose] - BuildManager - C:\GitHubRepo\C# Advanced\OOP\EXAMS\OOP Retake Exam - 19 Dec 2019\03.Unit testing\Presents.Tests\PresentsTests.cs(102,38): error CS0246: The type or namespace name 'Present' could not be found (are you missing a using directive or an assembly reference?)
[18:10:11.419 Verbose] - BuildManager - C:\GitHubRepo\C# Advanced\OOP\EXAMS\OOP Retake Exam - 19 Dec 2019\03.Unit testing\Presents.Tests\PresentsTests.cs(103,13): error CS0246: The type or namespace name 'Present' could not be found (are you missing a using directive or an assembly reference?)
[18:10:11.419 Verbose] - BuildManager - C:\GitHubRepo\C# Advanced\OOP\EXAMS\OOP Retake Exam - 19 Dec 2019\03.Unit testing\Presents.Tests\PresentsTests.cs(103,38): error CS0246: The type or namespace name 'Present' could not be found (are you missing a using directive or an assembly reference?)
[18:10:11.419 Verbose] - BuildManager - C:\GitHubRepo\C# Advanced\OOP\EXAMS\OOP Retake Exam - 19 Dec 2019\03.Unit testing\Presents.Tests\PresentsTests.cs(104,27): error CS0246: The type or namespace name 'Bag' could not be found (are you missing a using directive or an assembly reference?)
[18:10:11.425 Verbose] - BuildManager - Some of the file paths defined in the csproj under the Live Unit Testing build path are missing. Verify whether these files should be present under the Live Unit Testing build path and if necessary update the csproj definition to look these files up in a different place.
[18:10:11.427 Verbose] - BuildManager - Item _OutputPathItem 'C:\GitHubRepo\C# Advanced\OOP\EXAMS\OOP Retake Exam - 19 Dec 2019\03.Unit testing\.vs\Presents\v16\lut\0\b\Presents.Tests\Debug\netcoreapp3.0\' evaluated via:
_OutputPathItem: '$(OutDir)' @ C:\Program Files (x86)\Microsoft Visual Studio\2019\Enterprise\MSBuild\Current\Bin\Microsoft.Common.CurrentVersion.targets:272
  OutDir: '$(OutputPath)' @ C:\Program Files (x86)\Microsoft Visual Studio\2019\Enterprise\MSBuild\Current\Bin\Microsoft.Common.CurrentVersion.targets:193
    OutputPath: '$(OutputPath)$(TargetFramework.ToLowerInvariant())\' @ C:\Program Files\dotnet\sdk\3.1.202\Sdks\Microsoft.NET.Sdk\targets\Microsoft.NET.TargetFrameworkInference.targets:186
      OutputPath: '$(BaseOutputPath)$(Configuration)\' @ C:\Program Files\dotnet\sdk\3.1.202\Sdks\Microsoft.NET.Sdk\targets\Microsoft.NET.DefaultOutputPaths.targets:33
        BaseOutputPath: 'C:\GitHubRepo\C# Advanced\OOP\EXAMS\OOP Retake Exam - 19 Dec 2019\03.Unit testing\.vs\Presents\v16\lut\0\b\Presents.Tests\' @ C:\GitHubRepo\C# Advanced\OOP\EXAMS\OOP Retake Exam - 19 Dec 2019\03.Unit testing\Presents.Tests\Presents.Tests.csproj:0
        Configuration: 'Debug'
[18:10:11.427 Verbose] - BuildManager - Item AppConfigFileDestination 'C:\GitHubRepo\C# Advanced\OOP\EXAMS\OOP Retake Exam - 19 Dec 2019\03.Unit testing\.vs\Presents\v16\lut\0\b\Presents.Tests\Debug\netcoreapp3.0\Presents.Tests.dll.config' evaluated via:
AppConfigFileDestination: '$(OutDir)$(TargetFileName).config' @ C:\Program Files (x86)\Microsoft Visual Studio\2019\Enterprise\MSBuild\Current\Bin\Microsoft.Common.CurrentVersion.targets:303
  OutDir: '$(OutputPath)' @ C:\Program Files (x86)\Microsoft Visual Studio\2019\Enterprise\MSBuild\Current\Bin\Microsoft.Common.CurrentVersion.targets:193
    OutputPath: '$(OutputPath)$(TargetFramework.ToLowerInvariant())\' @ C:\Program Files\dotnet\sdk\3.1.202\Sdks\Microsoft.NET.Sdk\targets\Microsoft.NET.TargetFrameworkInference.targets:186
      OutputPath: '$(BaseOutputPath)$(Configuration)\' @ C:\Program Files\dotnet\sdk\3.1.202\Sdks\Microsoft.NET.Sdk\targets\Microsoft.NET.DefaultOutputPaths.targets:33
        BaseOutputPath: 'C:\GitHubRepo\C# Advanced\OOP\EXAMS\OOP Retake Exam - 19 Dec 2019\03.Unit testing\.vs\Presents\v16\lut\0\b\Presents.Tests\' @ C:\GitHubRepo\C# Advanced\OOP\EXAMS\OOP Retake Exam - 19 Dec 2019\03.Unit testing\Presents.Tests\Presents.Tests.csproj:0
        Configuration: 'Debug'
  TargetFileName: '$(TargetName)$(TargetExt)' @ C:\Program Files (x86)\Microsoft Visual Studio\2019\Enterprise\MSBuild\Current\Bin\Microsoft.Common.CurrentVersion.targets:212
    TargetName: '$(AssemblyName)' @ C:\Program Files (x86)\Microsoft Visual Studio\2019\Enterprise\MSBuild\Current\Bin\Microsoft.Common.CurrentVersion.targets:204
      AssemblyName: '$(MSBuildProjectName)' @ C:\Program Files\dotnet\sdk\3.1.202\Sdks\Microsoft.NET.Sdk\targets\Microsoft.NET.Sdk.props:32
        MSBuildProjectName: 'Presents.Tests'
    TargetExt: '.dll' @ C:\Program Files\dotnet\sdk\3.1.202\Sdks\Microsoft.NET.Sdk\targets\Microsoft.NET.Sdk.BeforeCommon.targets:82
[18:10:11.427 Verbose] - BuildManager - Item _DebugSymbolsOutputPath 'C:\GitHubRepo\C# Advanced\OOP\EXAMS\OOP Retake Exam - 19 Dec 2019\03.Unit testing\.vs\Presents\v16\lut\0\b\Presents.Tests\Debug\netcoreapp3.0\Presents.Tests.pdb' evaluated via:
_DebugSymbolsOutputPath: '@(_DebugSymbolsIntermediatePath->'$(OutDir)%(Filename)%(Extension)')' @ C:\Program Files (x86)\Microsoft Visual Studio\2019\Enterprise\MSBuild\Current\Bin\Microsoft.Common.CurrentVersion.targets:372
  OutDir: '$(OutputPath)' @ C:\Program Files (x86)\Microsoft Visual Studio\2019\Enterprise\MSBuild\Current\Bin\Microsoft.Common.CurrentVersion.targets:193
    OutputPath: '$(OutputPath)$(TargetFramework.ToLowerInvariant())\' @ C:\Program Files\dotnet\sdk\3.1.202\Sdks\Microsoft.NET.Sdk\targets\Microsoft.NET.TargetFrameworkInference.targets:186
      OutputPath: '$(BaseOutputPath)$(Configuration)\' @ C:\Program Files\dotnet\sdk\3.1.202\Sdks\Microsoft.NET.Sdk\targets\Microsoft.NET.DefaultOutputPaths.targets:33
        BaseOutputPath: 'C:\GitHubRepo\C# Advanced\OOP\EXAMS\OOP Retake Exam - 19 Dec 2019\03.Unit testing\.vs\Presents\v16\lut\0\b\Presents.Tests\' @ C:\GitHubRepo\C# Advanced\OOP\EXAMS\OOP Retake Exam - 19 Dec 2019\03.Unit testing\Presents.Tests\Presents.Tests.csproj:0
        Configuration: 'Debug'
[18:10:11.427 Verbose] - BuildManager - Item _ApplicationManifestFinal 'C:\GitHubRepo\C# Advanced\OOP\EXAMS\OOP Retake Exam - 19 Dec 2019\03.Unit testing\.vs\Presents\v16\lut\0\b\Presents.Tests\Debug\netcoreapp3.0\Native.Presents.Tests.manifest' evaluated via:
_ApplicationManifestFinal: '$(OutDir)$(_DeploymentTargetApplicationManifestFileName)' @ C:\Program Files (x86)\Microsoft Visual Studio\2019\Enterprise\MSBuild\Current\Bin\Microsoft.Common.CurrentVersion.targets:410
  OutDir: '$(OutputPath)' @ C:\Program Files (x86)\Microsoft Visual Studio\2019\Enterprise\MSBuild\Current\Bin\Microsoft.Common.CurrentVersion.targets:193
    OutputPath: '$(OutputPath)$(TargetFramework.ToLowerInvariant())\' @ C:\Program Files\dotnet\sdk\3.1.202\Sdks\Microsoft.NET.Sdk\targets\Microsoft.NET.TargetFrameworkInference.targets:186
      OutputPath: '$(BaseOutputPath)$(Configuration)\' @ C:\Program Files\dotnet\sdk\3.1.202\Sdks\Microsoft.NET.Sdk\targets\Microsoft.NET.DefaultOutputPaths.targets:33
        BaseOutputPath: 'C:\GitHubRepo\C# Advanced\OOP\EXAMS\OOP Retake Exam - 19 Dec 2019\03.Unit testing\.vs\Presents\v16\lut\0\b\Presents.Tests\' @ C:\GitHubRepo\C# Advanced\OOP\EXAMS\OOP Retake Exam - 19 Dec 2019\03.Unit testing\Presents.Tests\Presents.Tests.csproj:0
        Configuration: 'Debug'
  _DeploymentTargetApplicationManifestFileName: 'Native.$(AssemblyName).manifest' @ C:\Program Files (x86)\Microsoft Visual Studio\2019\Enterprise\MSBuild\Current\Bin\Microsoft.Common.CurrentVersion.targets:228
    AssemblyName: '$(MSBuildProjectName)' @ C:\Program Files\dotnet\sdk\3.1.202\Sdks\Microsoft.NET.Sdk\targets\Microsoft.NET.Sdk.props:32
      MSBuildProjectName: 'Presents.Tests'
