[00:11:54.592 Verbose] - BuildManager - C:\GitHubRepo\C# Advanced\OOP\EXAMS\OOP Exam - 12 Apr 2020\UnitTesting\Robots.Tests\RobotsTests.cs(18,29): error CS0246: The type or namespace name 'Robot' could not be found (are you missing a using directive or an assembly reference?)
[00:11:54.592 Verbose] - BuildManager - C:\GitHubRepo\C# Advanced\OOP\EXAMS\OOP Exam - 12 Apr 2020\UnitTesting\Robots.Tests\RobotsTests.cs(34,36): error CS0246: The type or namespace name 'RobotManager' could not be found (are you missing a using directive or an assembly reference?)
[00:11:54.592 Verbose] - BuildManager - C:\GitHubRepo\C# Advanced\OOP\EXAMS\OOP Exam - 12 Apr 2020\UnitTesting\Robots.Tests\RobotsTests.cs(48,40): error CS0246: The type or namespace name 'RobotManager' could not be found (are you missing a using directive or an assembly reference?)
[00:11:54.592 Verbose] - BuildManager - C:\GitHubRepo\C# Advanced\OOP\EXAMS\OOP Exam - 12 Apr 2020\UnitTesting\Robots.Tests\RobotsTests.cs(58,36): error CS0246: The type or namespace name 'RobotManager' could not be found (are you missing a using directive or an assembly reference?)
[00:11:54.592 Verbose] - BuildManager - C:\GitHubRepo\C# Advanced\OOP\EXAMS\OOP Exam - 12 Apr 2020\UnitTesting\Robots.Tests\RobotsTests.cs(67,29): error CS0246: The type or namespace name 'Robot' could not be found (are you missing a using directive or an assembly reference?)
[00:11:54.592 Verbose] - BuildManager - C:\GitHubRepo\C# Advanced\OOP\EXAMS\OOP Exam - 12 Apr 2020\UnitTesting\Robots.Tests\RobotsTests.cs(68,36): error CS0246: The type or namespace name 'RobotManager' could not be found (are you missing a using directive or an assembly reference?)
[00:11:54.592 Verbose] - BuildManager - C:\GitHubRepo\C# Advanced\OOP\EXAMS\OOP Exam - 12 Apr 2020\UnitTesting\Robots.Tests\RobotsTests.cs(73,38): error CS0246: The type or namespace name 'Robot' could not be found (are you missing a using directive or an assembly reference?)
[00:11:54.592 Verbose] - BuildManager - C:\GitHubRepo\C# Advanced\OOP\EXAMS\OOP Exam - 12 Apr 2020\UnitTesting\Robots.Tests\RobotsTests.cs(81,29): error CS0246: The type or namespace name 'Robot' could not be found (are you missing a using directive or an assembly reference?)
[00:11:54.592 Verbose] - BuildManager - C:\GitHubRepo\C# Advanced\OOP\EXAMS\OOP Exam - 12 Apr 2020\UnitTesting\Robots.Tests\RobotsTests.cs(82,36): error CS0246: The type or namespace name 'RobotManager' could not be found (are you missing a using directive or an assembly reference?)
[00:11:54.592 Verbose] - BuildManager - C:\GitHubRepo\C# Advanced\OOP\EXAMS\OOP Exam - 12 Apr 2020\UnitTesting\Robots.Tests\RobotsTests.cs(87,38): error CS0246: The type or namespace name 'Robot' could not be found (are you missing a using directive or an assembly reference?)
[00:11:54.592 Verbose] - BuildManager - C:\GitHubRepo\C# Advanced\OOP\EXAMS\OOP Exam - 12 Apr 2020\UnitTesting\Robots.Tests\RobotsTests.cs(95,29): error CS0246: The type or namespace name 'Robot' could not be found (are you missing a using directive or an assembly reference?)
[00:11:54.592 Verbose] - BuildManager - C:\GitHubRepo\C# Advanced\OOP\EXAMS\OOP Exam - 12 Apr 2020\UnitTesting\Robots.Tests\RobotsTests.cs(96,36): error CS0246: The type or namespace name 'RobotManager' could not be found (are you missing a using directive or an assembly reference?)
[00:11:54.592 Verbose] - BuildManager - C:\GitHubRepo\C# Advanced\OOP\EXAMS\OOP Exam - 12 Apr 2020\UnitTesting\Robots.Tests\RobotsTests.cs(109,29): error CS0246: The type or namespace name 'Robot' could not be found (are you missing a using directive or an assembly reference?)
[00:11:54.592 Verbose] - BuildManager - C:\GitHubRepo\C# Advanced\OOP\EXAMS\OOP Exam - 12 Apr 2020\UnitTesting\Robots.Tests\RobotsTests.cs(110,36): error CS0246: The type or namespace name 'RobotManager' could not be found (are you missing a using directive or an assembly reference?)
[00:11:54.592 Verbose] - BuildManager - C:\GitHubRepo\C# Advanced\OOP\EXAMS\OOP Exam - 12 Apr 2020\UnitTesting\Robots.Tests\RobotsTests.cs(123,29): error CS0246: The type or namespace name 'Robot' could not be found (are you missing a using directive or an assembly reference?)
[00:11:54.592 Verbose] - BuildManager - C:\GitHubRepo\C# Advanced\OOP\EXAMS\OOP Exam - 12 Apr 2020\UnitTesting\Robots.Tests\RobotsTests.cs(124,36): error CS0246: The type or namespace name 'RobotManager' could not be found (are you missing a using directive or an assembly reference?)
[00:11:54.592 Verbose] - BuildManager - C:\GitHubRepo\C# Advanced\OOP\EXAMS\OOP Exam - 12 Apr 2020\UnitTesting\Robots.Tests\RobotsTests.cs(137,29): error CS0246: The type or namespace name 'Robot' could not be found (are you missing a using directive or an assembly reference?)
[00:11:54.592 Verbose] - BuildManager - C:\GitHubRepo\C# Advanced\OOP\EXAMS\OOP Exam - 12 Apr 2020\UnitTesting\Robots.Tests\RobotsTests.cs(138,36): error CS0246: The type or namespace name 'RobotManager' could not be found (are you missing a using directive or an assembly reference?)
[00:11:54.592 Verbose] - BuildManager - C:\GitHubRepo\C# Advanced\OOP\EXAMS\OOP Exam - 12 Apr 2020\UnitTesting\Robots.Tests\RobotsTests.cs(151,29): error CS0246: The type or namespace name 'Robot' could not be found (are you missing a using directive or an assembly reference?)
[00:11:54.592 Verbose] - BuildManager - C:\GitHubRepo\C# Advanced\OOP\EXAMS\OOP Exam - 12 Apr 2020\UnitTesting\Robots.Tests\RobotsTests.cs(152,36): error CS0246: The type or namespace name 'RobotManager' could not be found (are you missing a using directive or an assembly reference?)
[00:11:54.592 Verbose] - BuildManager - C:\GitHubRepo\C# Advanced\OOP\EXAMS\OOP Exam - 12 Apr 2020\UnitTesting\Robots.Tests\RobotsTests.cs(165,29): error CS0246: The type or namespace name 'Robot' could not be found (are you missing a using directive or an assembly reference?)
[00:11:54.592 Verbose] - BuildManager - C:\GitHubRepo\C# Advanced\OOP\EXAMS\OOP Exam - 12 Apr 2020\UnitTesting\Robots.Tests\RobotsTests.cs(166,36): error CS0246: The type or namespace name 'RobotManager' could not be found (are you missing a using directive or an assembly reference?)
[00:11:54.592 Verbose] - BuildManager - C:\GitHubRepo\C# Advanced\OOP\EXAMS\OOP Exam - 12 Apr 2020\UnitTesting\Robots.Tests\RobotsTests.cs(179,29): error CS0246: The type or namespace name 'Robot' could not be found (are you missing a using directive or an assembly reference?)
[00:11:54.592 Verbose] - BuildManager - C:\GitHubRepo\C# Advanced\OOP\EXAMS\OOP Exam - 12 Apr 2020\UnitTesting\Robots.Tests\RobotsTests.cs(180,36): error CS0246: The type or namespace name 'RobotManager' could not be found (are you missing a using directive or an assembly reference?)
[00:11:54.592 Verbose] - BuildManager - C:\GitHubRepo\C# Advanced\OOP\EXAMS\OOP Exam - 12 Apr 2020\UnitTesting\Robots.Tests\RobotsTests.cs(196,13): error CS0246: The type or namespace name 'Robot' could not be found (are you missing a using directive or an assembly reference?)
[00:11:54.592 Verbose] - BuildManager - C:\GitHubRepo\C# Advanced\OOP\EXAMS\OOP Exam - 12 Apr 2020\UnitTesting\Robots.Tests\RobotsTests.cs(196,31): error CS0246: The type or namespace name 'Robot' could not be found (are you missing a using directive or an assembly reference?)
[00:11:54.592 Verbose] - BuildManager - C:\GitHubRepo\C# Advanced\OOP\EXAMS\OOP Exam - 12 Apr 2020\UnitTesting\Robots.Tests\RobotsTests.cs(201,40): error CS0246: The type or namespace name 'RobotManager' could not be found (are you missing a using directive or an assembly reference?)
[00:11:54.598 Verbose] - BuildManager - Some of the file paths defined in the csproj under the Live Unit Testing build path are missing. Verify whether these files should be present under the Live Unit Testing build path and if necessary update the csproj definition to look these files up in a different place.
[00:11:54.599 Verbose] - BuildManager - Item _OutputPathItem 'C:\GitHubRepo\C# Advanced\OOP\EXAMS\OOP Exam - 12 Apr 2020\UnitTesting\.vs\Robots\v16\lut\0\b\Robots.Tests\Debug\netcoreapp3.0\' evaluated via:
_OutputPathItem: '$(OutDir)' @ C:\Program Files (x86)\Microsoft Visual Studio\2019\Enterprise\MSBuild\Current\Bin\Microsoft.Common.CurrentVersion.targets:272
  OutDir: '$(OutputPath)' @ C:\Program Files (x86)\Microsoft Visual Studio\2019\Enterprise\MSBuild\Current\Bin\Microsoft.Common.CurrentVersion.targets:193
    OutputPath: '$(OutputPath)$(TargetFramework.ToLowerInvariant())\' @ C:\Program Files\dotnet\sdk\3.1.202\Sdks\Microsoft.NET.Sdk\targets\Microsoft.NET.TargetFrameworkInference.targets:186
      OutputPath: '$(BaseOutputPath)$(Configuration)\' @ C:\Program Files\dotnet\sdk\3.1.202\Sdks\Microsoft.NET.Sdk\targets\Microsoft.NET.DefaultOutputPaths.targets:33
        BaseOutputPath: 'C:\GitHubRepo\C# Advanced\OOP\EXAMS\OOP Exam - 12 Apr 2020\UnitTesting\.vs\Robots\v16\lut\0\b\Robots.Tests\' @ C:\GitHubRepo\C# Advanced\OOP\EXAMS\OOP Exam - 12 Apr 2020\UnitTesting\Robots.Tests\Robots.Tests.csproj:0
        Configuration: 'Debug'
[00:11:54.606 Verbose] - BuildManager - Item AppConfigFileDestination 'C:\GitHubRepo\C# Advanced\OOP\EXAMS\OOP Exam - 12 Apr 2020\UnitTesting\.vs\Robots\v16\lut\0\b\Robots.Tests\Debug\netcoreapp3.0\Robots.Tests.dll.config' evaluated via:
AppConfigFileDestination: '$(OutDir)$(TargetFileName).config' @ C:\Program Files (x86)\Microsoft Visual Studio\2019\Enterprise\MSBuild\Current\Bin\Microsoft.Common.CurrentVersion.targets:303
  OutDir: '$(OutputPath)' @ C:\Program Files (x86)\Microsoft Visual Studio\2019\Enterprise\MSBuild\Current\Bin\Microsoft.Common.CurrentVersion.targets:193
    OutputPath: '$(OutputPath)$(TargetFramework.ToLowerInvariant())\' @ C:\Program Files\dotnet\sdk\3.1.202\Sdks\Microsoft.NET.Sdk\targets\Microsoft.NET.TargetFrameworkInference.targets:186
      OutputPath: '$(BaseOutputPath)$(Configuration)\' @ C:\Program Files\dotnet\sdk\3.1.202\Sdks\Microsoft.NET.Sdk\targets\Microsoft.NET.DefaultOutputPaths.targets:33
        BaseOutputPath: 'C:\GitHubRepo\C# Advanced\OOP\EXAMS\OOP Exam - 12 Apr 2020\UnitTesting\.vs\Robots\v16\lut\0\b\Robots.Tests\' @ C:\GitHubRepo\C# Advanced\OOP\EXAMS\OOP Exam - 12 Apr 2020\UnitTesting\Robots.Tests\Robots.Tests.csproj:0
        Configuration: 'Debug'
  TargetFileName: '$(TargetName)$(TargetExt)' @ C:\Program Files (x86)\Microsoft Visual Studio\2019\Enterprise\MSBuild\Current\Bin\Microsoft.Common.CurrentVersion.targets:212
    TargetName: '$(AssemblyName)' @ C:\Program Files (x86)\Microsoft Visual Studio\2019\Enterprise\MSBuild\Current\Bin\Microsoft.Common.CurrentVersion.targets:204
      AssemblyName: '$(MSBuildProjectName)' @ C:\Program Files\dotnet\sdk\3.1.202\Sdks\Microsoft.NET.Sdk\targets\Microsoft.NET.Sdk.props:32
        MSBuildProjectName: 'Robots.Tests'
    TargetExt: '.dll' @ C:\Program Files\dotnet\sdk\3.1.202\Sdks\Microsoft.NET.Sdk\targets\Microsoft.NET.Sdk.BeforeCommon.targets:82
[00:11:54.606 Verbose] - BuildManager - Item _DebugSymbolsOutputPath 'C:\GitHubRepo\C# Advanced\OOP\EXAMS\OOP Exam - 12 Apr 2020\UnitTesting\.vs\Robots\v16\lut\0\b\Robots.Tests\Debug\netcoreapp3.0\Robots.Tests.pdb' evaluated via:
_DebugSymbolsOutputPath: '@(_DebugSymbolsIntermediatePath->'$(OutDir)%(Filename)%(Extension)')' @ C:\Program Files (x86)\Microsoft Visual Studio\2019\Enterprise\MSBuild\Current\Bin\Microsoft.Common.CurrentVersion.targets:372
  OutDir: '$(OutputPath)' @ C:\Program Files (x86)\Microsoft Visual Studio\2019\Enterprise\MSBuild\Current\Bin\Microsoft.Common.CurrentVersion.targets:193
    OutputPath: '$(OutputPath)$(TargetFramework.ToLowerInvariant())\' @ C:\Program Files\dotnet\sdk\3.1.202\Sdks\Microsoft.NET.Sdk\targets\Microsoft.NET.TargetFrameworkInference.targets:186
      OutputPath: '$(BaseOutputPath)$(Configuration)\' @ C:\Program Files\dotnet\sdk\3.1.202\Sdks\Microsoft.NET.Sdk\targets\Microsoft.NET.DefaultOutputPaths.targets:33
        BaseOutputPath: 'C:\GitHubRepo\C# Advanced\OOP\EXAMS\OOP Exam - 12 Apr 2020\UnitTesting\.vs\Robots\v16\lut\0\b\Robots.Tests\' @ C:\GitHubRepo\C# Advanced\OOP\EXAMS\OOP Exam - 12 Apr 2020\UnitTesting\Robots.Tests\Robots.Tests.csproj:0
        Configuration: 'Debug'
[00:11:54.606 Verbose] - BuildManager - Item _ApplicationManifestFinal 'C:\GitHubRepo\C# Advanced\OOP\EXAMS\OOP Exam - 12 Apr 2020\UnitTesting\.vs\Robots\v16\lut\0\b\Robots.Tests\Debug\netcoreapp3.0\Native.Robots.Tests.manifest' evaluated via:
_ApplicationManifestFinal: '$(OutDir)$(_DeploymentTargetApplicationManifestFileName)' @ C:\Program Files (x86)\Microsoft Visual Studio\2019\Enterprise\MSBuild\Current\Bin\Microsoft.Common.CurrentVersion.targets:410
  OutDir: '$(OutputPath)' @ C:\Program Files (x86)\Microsoft Visual Studio\2019\Enterprise\MSBuild\Current\Bin\Microsoft.Common.CurrentVersion.targets:193
    OutputPath: '$(OutputPath)$(TargetFramework.ToLowerInvariant())\' @ C:\Program Files\dotnet\sdk\3.1.202\Sdks\Microsoft.NET.Sdk\targets\Microsoft.NET.TargetFrameworkInference.targets:186
      OutputPath: '$(BaseOutputPath)$(Configuration)\' @ C:\Program Files\dotnet\sdk\3.1.202\Sdks\Microsoft.NET.Sdk\targets\Microsoft.NET.DefaultOutputPaths.targets:33
        BaseOutputPath: 'C:\GitHubRepo\C# Advanced\OOP\EXAMS\OOP Exam - 12 Apr 2020\UnitTesting\.vs\Robots\v16\lut\0\b\Robots.Tests\' @ C:\GitHubRepo\C# Advanced\OOP\EXAMS\OOP Exam - 12 Apr 2020\UnitTesting\Robots.Tests\Robots.Tests.csproj:0
        Configuration: 'Debug'
  _DeploymentTargetApplicationManifestFileName: 'Native.$(AssemblyName).manifest' @ C:\Program Files (x86)\Microsoft Visual Studio\2019\Enterprise\MSBuild\Current\Bin\Microsoft.Common.CurrentVersion.targets:228
    AssemblyName: '$(MSBuildProjectName)' @ C:\Program Files\dotnet\sdk\3.1.202\Sdks\Microsoft.NET.Sdk\targets\Microsoft.NET.Sdk.props:32
      MSBuildProjectName: 'Robots.Tests'
