[15:17:44.454 Verbose] - BuildManager - C:\GitHubRepo\C# Advanced\OOP\EXAMS\OOP Retake Exam - 16 Apr 2020\03. Unit Tests_Skeleton\Computers.Tests\ComputerTests.cs(9,17): error CS0246: The type or namespace name 'Computer' could not be found (are you missing a using directive or an assembly reference?)
[15:17:44.454 Verbose] - BuildManager - C:\GitHubRepo\C# Advanced\OOP\EXAMS\OOP Retake Exam - 16 Apr 2020\03. Unit Tests_Skeleton\Computers.Tests\ComputerTests.cs(13,33): error CS0246: The type or namespace name 'Computer' could not be found (are you missing a using directive or an assembly reference?)
[15:17:44.454 Verbose] - BuildManager - C:\GitHubRepo\C# Advanced\OOP\EXAMS\OOP Retake Exam - 16 Apr 2020\03. Unit Tests_Skeleton\Computers.Tests\ComputerTests.cs(22,32): error CS0246: The type or namespace name 'Computer' could not be found (are you missing a using directive or an assembly reference?)
[15:17:44.454 Verbose] - BuildManager - C:\GitHubRepo\C# Advanced\OOP\EXAMS\OOP Retake Exam - 16 Apr 2020\03. Unit Tests_Skeleton\Computers.Tests\ComputerTests.cs(37,36): error CS0246: The type or namespace name 'Computer' could not be found (are you missing a using directive or an assembly reference?)
[15:17:44.454 Verbose] - BuildManager - C:\GitHubRepo\C# Advanced\OOP\EXAMS\OOP Retake Exam - 16 Apr 2020\03. Unit Tests_Skeleton\Computers.Tests\ComputerTests.cs(45,27): error CS0246: The type or namespace name 'Part' could not be found (are you missing a using directive or an assembly reference?)
[15:17:44.454 Verbose] - BuildManager - C:\GitHubRepo\C# Advanced\OOP\EXAMS\OOP Retake Exam - 16 Apr 2020\03. Unit Tests_Skeleton\Computers.Tests\ComputerTests.cs(46,27): error CS0246: The type or namespace name 'Part' could not be found (are you missing a using directive or an assembly reference?)
[15:17:44.454 Verbose] - BuildManager - C:\GitHubRepo\C# Advanced\OOP\EXAMS\OOP Retake Exam - 16 Apr 2020\03. Unit Tests_Skeleton\Computers.Tests\ComputerTests.cs(61,13): error CS0246: The type or namespace name 'Part' could not be found (are you missing a using directive or an assembly reference?)
[15:17:44.454 Verbose] - BuildManager - C:\GitHubRepo\C# Advanced\OOP\EXAMS\OOP Retake Exam - 16 Apr 2020\03. Unit Tests_Skeleton\Computers.Tests\ComputerTests.cs(74,27): error CS0246: The type or namespace name 'Part' could not be found (are you missing a using directive or an assembly reference?)
[15:17:44.454 Verbose] - BuildManager - C:\GitHubRepo\C# Advanced\OOP\EXAMS\OOP Retake Exam - 16 Apr 2020\03. Unit Tests_Skeleton\Computers.Tests\ComputerTests.cs(86,27): error CS0246: The type or namespace name 'Part' could not be found (are you missing a using directive or an assembly reference?)
[15:17:44.460 Verbose] - BuildManager - Some of the file paths defined in the csproj under the Live Unit Testing build path are missing. Verify whether these files should be present under the Live Unit Testing build path and if necessary update the csproj definition to look these files up in a different place.
[15:17:44.461 Verbose] - BuildManager - Item _OutputPathItem 'C:\GitHubRepo\C# Advanced\OOP\EXAMS\OOP Retake Exam - 16 Apr 2020\03. Unit Tests_Skeleton\.vs\Computers\v16\lut\0\b\Computers.Tests\Debug\netcoreapp3.0\' evaluated via:
_OutputPathItem: '$(OutDir)' @ C:\Program Files (x86)\Microsoft Visual Studio\2019\Enterprise\MSBuild\Current\Bin\Microsoft.Common.CurrentVersion.targets:272
  OutDir: '$(OutputPath)' @ C:\Program Files (x86)\Microsoft Visual Studio\2019\Enterprise\MSBuild\Current\Bin\Microsoft.Common.CurrentVersion.targets:193
    OutputPath: '$(OutputPath)$(TargetFramework.ToLowerInvariant())\' @ C:\Program Files\dotnet\sdk\3.1.202\Sdks\Microsoft.NET.Sdk\targets\Microsoft.NET.TargetFrameworkInference.targets:186
      OutputPath: '$(BaseOutputPath)$(Configuration)\' @ C:\Program Files\dotnet\sdk\3.1.202\Sdks\Microsoft.NET.Sdk\targets\Microsoft.NET.DefaultOutputPaths.targets:33
        BaseOutputPath: 'C:\GitHubRepo\C# Advanced\OOP\EXAMS\OOP Retake Exam - 16 Apr 2020\03. Unit Tests_Skeleton\.vs\Computers\v16\lut\0\b\Computers.Tests\' @ C:\GitHubRepo\C# Advanced\OOP\EXAMS\OOP Retake Exam - 16 Apr 2020\03. Unit Tests_Skeleton\Computers.Tests\Computers.Tests.csproj:0
        Configuration: 'Debug'
[15:17:44.461 Verbose] - BuildManager - Item AppConfigFileDestination 'C:\GitHubRepo\C# Advanced\OOP\EXAMS\OOP Retake Exam - 16 Apr 2020\03. Unit Tests_Skeleton\.vs\Computers\v16\lut\0\b\Computers.Tests\Debug\netcoreapp3.0\Computers.Tests.dll.config' evaluated via:
AppConfigFileDestination: '$(OutDir)$(TargetFileName).config' @ C:\Program Files (x86)\Microsoft Visual Studio\2019\Enterprise\MSBuild\Current\Bin\Microsoft.Common.CurrentVersion.targets:303
  OutDir: '$(OutputPath)' @ C:\Program Files (x86)\Microsoft Visual Studio\2019\Enterprise\MSBuild\Current\Bin\Microsoft.Common.CurrentVersion.targets:193
    OutputPath: '$(OutputPath)$(TargetFramework.ToLowerInvariant())\' @ C:\Program Files\dotnet\sdk\3.1.202\Sdks\Microsoft.NET.Sdk\targets\Microsoft.NET.TargetFrameworkInference.targets:186
      OutputPath: '$(BaseOutputPath)$(Configuration)\' @ C:\Program Files\dotnet\sdk\3.1.202\Sdks\Microsoft.NET.Sdk\targets\Microsoft.NET.DefaultOutputPaths.targets:33
        BaseOutputPath: 'C:\GitHubRepo\C# Advanced\OOP\EXAMS\OOP Retake Exam - 16 Apr 2020\03. Unit Tests_Skeleton\.vs\Computers\v16\lut\0\b\Computers.Tests\' @ C:\GitHubRepo\C# Advanced\OOP\EXAMS\OOP Retake Exam - 16 Apr 2020\03. Unit Tests_Skeleton\Computers.Tests\Computers.Tests.csproj:0
        Configuration: 'Debug'
  TargetFileName: '$(TargetName)$(TargetExt)' @ C:\Program Files (x86)\Microsoft Visual Studio\2019\Enterprise\MSBuild\Current\Bin\Microsoft.Common.CurrentVersion.targets:212
    TargetName: '$(AssemblyName)' @ C:\Program Files (x86)\Microsoft Visual Studio\2019\Enterprise\MSBuild\Current\Bin\Microsoft.Common.CurrentVersion.targets:204
      AssemblyName: '$(MSBuildProjectName)' @ C:\Program Files\dotnet\sdk\3.1.202\Sdks\Microsoft.NET.Sdk\targets\Microsoft.NET.Sdk.props:32
        MSBuildProjectName: 'Computers.Tests'
    TargetExt: '.dll' @ C:\Program Files\dotnet\sdk\3.1.202\Sdks\Microsoft.NET.Sdk\targets\Microsoft.NET.Sdk.BeforeCommon.targets:82
[15:17:44.462 Verbose] - BuildManager - Item _DebugSymbolsOutputPath 'C:\GitHubRepo\C# Advanced\OOP\EXAMS\OOP Retake Exam - 16 Apr 2020\03. Unit Tests_Skeleton\.vs\Computers\v16\lut\0\b\Computers.Tests\Debug\netcoreapp3.0\Computers.Tests.pdb' evaluated via:
_DebugSymbolsOutputPath: '@(_DebugSymbolsIntermediatePath->'$(OutDir)%(Filename)%(Extension)')' @ C:\Program Files (x86)\Microsoft Visual Studio\2019\Enterprise\MSBuild\Current\Bin\Microsoft.Common.CurrentVersion.targets:372
  OutDir: '$(OutputPath)' @ C:\Program Files (x86)\Microsoft Visual Studio\2019\Enterprise\MSBuild\Current\Bin\Microsoft.Common.CurrentVersion.targets:193
    OutputPath: '$(OutputPath)$(TargetFramework.ToLowerInvariant())\' @ C:\Program Files\dotnet\sdk\3.1.202\Sdks\Microsoft.NET.Sdk\targets\Microsoft.NET.TargetFrameworkInference.targets:186
      OutputPath: '$(BaseOutputPath)$(Configuration)\' @ C:\Program Files\dotnet\sdk\3.1.202\Sdks\Microsoft.NET.Sdk\targets\Microsoft.NET.DefaultOutputPaths.targets:33
        BaseOutputPath: 'C:\GitHubRepo\C# Advanced\OOP\EXAMS\OOP Retake Exam - 16 Apr 2020\03. Unit Tests_Skeleton\.vs\Computers\v16\lut\0\b\Computers.Tests\' @ C:\GitHubRepo\C# Advanced\OOP\EXAMS\OOP Retake Exam - 16 Apr 2020\03. Unit Tests_Skeleton\Computers.Tests\Computers.Tests.csproj:0
        Configuration: 'Debug'
[15:17:44.462 Verbose] - BuildManager - Item _ApplicationManifestFinal 'C:\GitHubRepo\C# Advanced\OOP\EXAMS\OOP Retake Exam - 16 Apr 2020\03. Unit Tests_Skeleton\.vs\Computers\v16\lut\0\b\Computers.Tests\Debug\netcoreapp3.0\Native.Computers.Tests.manifest' evaluated via:
_ApplicationManifestFinal: '$(OutDir)$(_DeploymentTargetApplicationManifestFileName)' @ C:\Program Files (x86)\Microsoft Visual Studio\2019\Enterprise\MSBuild\Current\Bin\Microsoft.Common.CurrentVersion.targets:410
  OutDir: '$(OutputPath)' @ C:\Program Files (x86)\Microsoft Visual Studio\2019\Enterprise\MSBuild\Current\Bin\Microsoft.Common.CurrentVersion.targets:193
    OutputPath: '$(OutputPath)$(TargetFramework.ToLowerInvariant())\' @ C:\Program Files\dotnet\sdk\3.1.202\Sdks\Microsoft.NET.Sdk\targets\Microsoft.NET.TargetFrameworkInference.targets:186
      OutputPath: '$(BaseOutputPath)$(Configuration)\' @ C:\Program Files\dotnet\sdk\3.1.202\Sdks\Microsoft.NET.Sdk\targets\Microsoft.NET.DefaultOutputPaths.targets:33
        BaseOutputPath: 'C:\GitHubRepo\C# Advanced\OOP\EXAMS\OOP Retake Exam - 16 Apr 2020\03. Unit Tests_Skeleton\.vs\Computers\v16\lut\0\b\Computers.Tests\' @ C:\GitHubRepo\C# Advanced\OOP\EXAMS\OOP Retake Exam - 16 Apr 2020\03. Unit Tests_Skeleton\Computers.Tests\Computers.Tests.csproj:0
        Configuration: 'Debug'
  _DeploymentTargetApplicationManifestFileName: 'Native.$(AssemblyName).manifest' @ C:\Program Files (x86)\Microsoft Visual Studio\2019\Enterprise\MSBuild\Current\Bin\Microsoft.Common.CurrentVersion.targets:228
    AssemblyName: '$(MSBuildProjectName)' @ C:\Program Files\dotnet\sdk\3.1.202\Sdks\Microsoft.NET.Sdk\targets\Microsoft.NET.Sdk.props:32
      MSBuildProjectName: 'Computers.Tests'
