[19:27:16.817 Verbose] - BuildManager - C:\GitHubRepo\C# Advanced\OOP\EXAMS\OOP Exam - 07 Dec 2019\03. Unit Tests\TheRace.Tests\RaceEntryTests.cs(19,33): error CS0246: The type or namespace name 'RaceEntry' could not be found (are you missing a using directive or an assembly reference?)
[19:27:16.817 Verbose] - BuildManager - C:\GitHubRepo\C# Advanced\OOP\EXAMS\OOP Exam - 07 Dec 2019\03. Unit Tests\TheRace.Tests\RaceEntryTests.cs(27,33): error CS0246: The type or namespace name 'RaceEntry' could not be found (are you missing a using directive or an assembly reference?)
[19:27:16.817 Verbose] - BuildManager - C:\GitHubRepo\C# Advanced\OOP\EXAMS\OOP Exam - 07 Dec 2019\03. Unit Tests\TheRace.Tests\RaceEntryTests.cs(28,38): error CS0246: The type or namespace name 'UnitMotorcycle' could not be found (are you missing a using directive or an assembly reference?)
[19:27:16.817 Verbose] - BuildManager - C:\GitHubRepo\C# Advanced\OOP\EXAMS\OOP Exam - 07 Dec 2019\03. Unit Tests\TheRace.Tests\RaceEntryTests.cs(31,33): error CS0246: The type or namespace name 'UnitRider' could not be found (are you missing a using directive or an assembly reference?)
[19:27:16.817 Verbose] - BuildManager - C:\GitHubRepo\C# Advanced\OOP\EXAMS\OOP Exam - 07 Dec 2019\03. Unit Tests\TheRace.Tests\RaceEntryTests.cs(41,33): error CS0246: The type or namespace name 'RaceEntry' could not be found (are you missing a using directive or an assembly reference?)
[19:27:16.817 Verbose] - BuildManager - C:\GitHubRepo\C# Advanced\OOP\EXAMS\OOP Exam - 07 Dec 2019\03. Unit Tests\TheRace.Tests\RaceEntryTests.cs(54,33): error CS0246: The type or namespace name 'RaceEntry' could not be found (are you missing a using directive or an assembly reference?)
[19:27:16.817 Verbose] - BuildManager - C:\GitHubRepo\C# Advanced\OOP\EXAMS\OOP Exam - 07 Dec 2019\03. Unit Tests\TheRace.Tests\RaceEntryTests.cs(55,38): error CS0246: The type or namespace name 'UnitMotorcycle' could not be found (are you missing a using directive or an assembly reference?)
[19:27:16.817 Verbose] - BuildManager - C:\GitHubRepo\C# Advanced\OOP\EXAMS\OOP Exam - 07 Dec 2019\03. Unit Tests\TheRace.Tests\RaceEntryTests.cs(57,33): error CS0246: The type or namespace name 'UnitRider' could not be found (are you missing a using directive or an assembly reference?)
[19:27:16.817 Verbose] - BuildManager - C:\GitHubRepo\C# Advanced\OOP\EXAMS\OOP Exam - 07 Dec 2019\03. Unit Tests\TheRace.Tests\RaceEntryTests.cs(71,33): error CS0246: The type or namespace name 'RaceEntry' could not be found (are you missing a using directive or an assembly reference?)
[19:27:16.817 Verbose] - BuildManager - C:\GitHubRepo\C# Advanced\OOP\EXAMS\OOP Exam - 07 Dec 2019\03. Unit Tests\TheRace.Tests\RaceEntryTests.cs(72,38): error CS0246: The type or namespace name 'UnitMotorcycle' could not be found (are you missing a using directive or an assembly reference?)
[19:27:16.817 Verbose] - BuildManager - C:\GitHubRepo\C# Advanced\OOP\EXAMS\OOP Exam - 07 Dec 2019\03. Unit Tests\TheRace.Tests\RaceEntryTests.cs(74,33): error CS0246: The type or namespace name 'UnitRider' could not be found (are you missing a using directive or an assembly reference?)
[19:27:16.817 Verbose] - BuildManager - C:\GitHubRepo\C# Advanced\OOP\EXAMS\OOP Exam - 07 Dec 2019\03. Unit Tests\TheRace.Tests\RaceEntryTests.cs(86,33): error CS0246: The type or namespace name 'RaceEntry' could not be found (are you missing a using directive or an assembly reference?)
[19:27:16.817 Verbose] - BuildManager - C:\GitHubRepo\C# Advanced\OOP\EXAMS\OOP Exam - 07 Dec 2019\03. Unit Tests\TheRace.Tests\RaceEntryTests.cs(87,32): error CS0246: The type or namespace name 'UnitMotorcycle' could not be found (are you missing a using directive or an assembly reference?)
[19:27:16.817 Verbose] - BuildManager - C:\GitHubRepo\C# Advanced\OOP\EXAMS\OOP Exam - 07 Dec 2019\03. Unit Tests\TheRace.Tests\RaceEntryTests.cs(88,32): error CS0246: The type or namespace name 'UnitMotorcycle' could not be found (are you missing a using directive or an assembly reference?)
[19:27:16.817 Verbose] - BuildManager - C:\GitHubRepo\C# Advanced\OOP\EXAMS\OOP Exam - 07 Dec 2019\03. Unit Tests\TheRace.Tests\RaceEntryTests.cs(90,36): error CS0246: The type or namespace name 'UnitRider' could not be found (are you missing a using directive or an assembly reference?)
[19:27:16.817 Verbose] - BuildManager - C:\GitHubRepo\C# Advanced\OOP\EXAMS\OOP Exam - 07 Dec 2019\03. Unit Tests\TheRace.Tests\RaceEntryTests.cs(91,36): error CS0246: The type or namespace name 'UnitRider' could not be found (are you missing a using directive or an assembly reference?)
[19:27:16.820 Verbose] - BuildManager - Some of the file paths defined in the csproj under the Live Unit Testing build path are missing. Verify whether these files should be present under the Live Unit Testing build path and if necessary update the csproj definition to look these files up in a different place.
[19:27:16.820 Verbose] - BuildManager - Item _OutputPathItem 'C:\GitHubRepo\C# Advanced\OOP\EXAMS\OOP Exam - 07 Dec 2019\03. Unit Tests\.vs\TheRace\v16\lut\0\b\TheRace.Tests\Debug\netcoreapp2.1\' evaluated via:
_OutputPathItem: '$(OutDir)' @ C:\Program Files (x86)\Microsoft Visual Studio\2019\Enterprise\MSBuild\Current\Bin\Microsoft.Common.CurrentVersion.targets:272
  OutDir: '$(OutputPath)' @ C:\Program Files (x86)\Microsoft Visual Studio\2019\Enterprise\MSBuild\Current\Bin\Microsoft.Common.CurrentVersion.targets:193
    OutputPath: '$(OutputPath)$(TargetFramework.ToLowerInvariant())\' @ C:\Program Files\dotnet\sdk\3.1.202\Sdks\Microsoft.NET.Sdk\targets\Microsoft.NET.TargetFrameworkInference.targets:186
      OutputPath: '$(BaseOutputPath)$(Configuration)\' @ C:\Program Files\dotnet\sdk\3.1.202\Sdks\Microsoft.NET.Sdk\targets\Microsoft.NET.DefaultOutputPaths.targets:33
        BaseOutputPath: 'C:\GitHubRepo\C# Advanced\OOP\EXAMS\OOP Exam - 07 Dec 2019\03. Unit Tests\.vs\TheRace\v16\lut\0\b\TheRace.Tests\' @ C:\GitHubRepo\C# Advanced\OOP\EXAMS\OOP Exam - 07 Dec 2019\03. Unit Tests\TheRace.Tests\TheRace.Tests.csproj:0
        Configuration: 'Debug'
[19:27:16.820 Verbose] - BuildManager - Item AppConfigFileDestination 'C:\GitHubRepo\C# Advanced\OOP\EXAMS\OOP Exam - 07 Dec 2019\03. Unit Tests\.vs\TheRace\v16\lut\0\b\TheRace.Tests\Debug\netcoreapp2.1\TheRace.Tests.dll.config' evaluated via:
AppConfigFileDestination: '$(OutDir)$(TargetFileName).config' @ C:\Program Files (x86)\Microsoft Visual Studio\2019\Enterprise\MSBuild\Current\Bin\Microsoft.Common.CurrentVersion.targets:303
  OutDir: '$(OutputPath)' @ C:\Program Files (x86)\Microsoft Visual Studio\2019\Enterprise\MSBuild\Current\Bin\Microsoft.Common.CurrentVersion.targets:193
    OutputPath: '$(OutputPath)$(TargetFramework.ToLowerInvariant())\' @ C:\Program Files\dotnet\sdk\3.1.202\Sdks\Microsoft.NET.Sdk\targets\Microsoft.NET.TargetFrameworkInference.targets:186
      OutputPath: '$(BaseOutputPath)$(Configuration)\' @ C:\Program Files\dotnet\sdk\3.1.202\Sdks\Microsoft.NET.Sdk\targets\Microsoft.NET.DefaultOutputPaths.targets:33
        BaseOutputPath: 'C:\GitHubRepo\C# Advanced\OOP\EXAMS\OOP Exam - 07 Dec 2019\03. Unit Tests\.vs\TheRace\v16\lut\0\b\TheRace.Tests\' @ C:\GitHubRepo\C# Advanced\OOP\EXAMS\OOP Exam - 07 Dec 2019\03. Unit Tests\TheRace.Tests\TheRace.Tests.csproj:0
        Configuration: 'Debug'
  TargetFileName: '$(TargetName)$(TargetExt)' @ C:\Program Files (x86)\Microsoft Visual Studio\2019\Enterprise\MSBuild\Current\Bin\Microsoft.Common.CurrentVersion.targets:212
    TargetName: '$(AssemblyName)' @ C:\Program Files (x86)\Microsoft Visual Studio\2019\Enterprise\MSBuild\Current\Bin\Microsoft.Common.CurrentVersion.targets:204
      AssemblyName: '$(MSBuildProjectName)' @ C:\Program Files\dotnet\sdk\3.1.202\Sdks\Microsoft.NET.Sdk\targets\Microsoft.NET.Sdk.props:32
        MSBuildProjectName: 'TheRace.Tests'
    TargetExt: '.dll' @ C:\Program Files\dotnet\sdk\3.1.202\Sdks\Microsoft.NET.Sdk\targets\Microsoft.NET.Sdk.BeforeCommon.targets:82
[19:27:16.820 Verbose] - BuildManager - Item _DebugSymbolsOutputPath 'C:\GitHubRepo\C# Advanced\OOP\EXAMS\OOP Exam - 07 Dec 2019\03. Unit Tests\.vs\TheRace\v16\lut\0\b\TheRace.Tests\Debug\netcoreapp2.1\TheRace.Tests.pdb' evaluated via:
_DebugSymbolsOutputPath: '@(_DebugSymbolsIntermediatePath->'$(OutDir)%(Filename)%(Extension)')' @ C:\Program Files (x86)\Microsoft Visual Studio\2019\Enterprise\MSBuild\Current\Bin\Microsoft.Common.CurrentVersion.targets:372
  OutDir: '$(OutputPath)' @ C:\Program Files (x86)\Microsoft Visual Studio\2019\Enterprise\MSBuild\Current\Bin\Microsoft.Common.CurrentVersion.targets:193
    OutputPath: '$(OutputPath)$(TargetFramework.ToLowerInvariant())\' @ C:\Program Files\dotnet\sdk\3.1.202\Sdks\Microsoft.NET.Sdk\targets\Microsoft.NET.TargetFrameworkInference.targets:186
      OutputPath: '$(BaseOutputPath)$(Configuration)\' @ C:\Program Files\dotnet\sdk\3.1.202\Sdks\Microsoft.NET.Sdk\targets\Microsoft.NET.DefaultOutputPaths.targets:33
        BaseOutputPath: 'C:\GitHubRepo\C# Advanced\OOP\EXAMS\OOP Exam - 07 Dec 2019\03. Unit Tests\.vs\TheRace\v16\lut\0\b\TheRace.Tests\' @ C:\GitHubRepo\C# Advanced\OOP\EXAMS\OOP Exam - 07 Dec 2019\03. Unit Tests\TheRace.Tests\TheRace.Tests.csproj:0
        Configuration: 'Debug'
[19:27:16.820 Verbose] - BuildManager - Item _ApplicationManifestFinal 'C:\GitHubRepo\C# Advanced\OOP\EXAMS\OOP Exam - 07 Dec 2019\03. Unit Tests\.vs\TheRace\v16\lut\0\b\TheRace.Tests\Debug\netcoreapp2.1\Native.TheRace.Tests.manifest' evaluated via:
_ApplicationManifestFinal: '$(OutDir)$(_DeploymentTargetApplicationManifestFileName)' @ C:\Program Files (x86)\Microsoft Visual Studio\2019\Enterprise\MSBuild\Current\Bin\Microsoft.Common.CurrentVersion.targets:410
  OutDir: '$(OutputPath)' @ C:\Program Files (x86)\Microsoft Visual Studio\2019\Enterprise\MSBuild\Current\Bin\Microsoft.Common.CurrentVersion.targets:193
    OutputPath: '$(OutputPath)$(TargetFramework.ToLowerInvariant())\' @ C:\Program Files\dotnet\sdk\3.1.202\Sdks\Microsoft.NET.Sdk\targets\Microsoft.NET.TargetFrameworkInference.targets:186
      OutputPath: '$(BaseOutputPath)$(Configuration)\' @ C:\Program Files\dotnet\sdk\3.1.202\Sdks\Microsoft.NET.Sdk\targets\Microsoft.NET.DefaultOutputPaths.targets:33
        BaseOutputPath: 'C:\GitHubRepo\C# Advanced\OOP\EXAMS\OOP Exam - 07 Dec 2019\03. Unit Tests\.vs\TheRace\v16\lut\0\b\TheRace.Tests\' @ C:\GitHubRepo\C# Advanced\OOP\EXAMS\OOP Exam - 07 Dec 2019\03. Unit Tests\TheRace.Tests\TheRace.Tests.csproj:0
        Configuration: 'Debug'
  _DeploymentTargetApplicationManifestFileName: 'Native.$(AssemblyName).manifest' @ C:\Program Files (x86)\Microsoft Visual Studio\2019\Enterprise\MSBuild\Current\Bin\Microsoft.Common.CurrentVersion.targets:228
    AssemblyName: '$(MSBuildProjectName)' @ C:\Program Files\dotnet\sdk\3.1.202\Sdks\Microsoft.NET.Sdk\targets\Microsoft.NET.Sdk.props:32
      MSBuildProjectName: 'TheRace.Tests'
